=== Gitee 私有仓库操作日志 ===
开始时间: 2025年10月12日 20:59:55

2025-10-12 20:59:55 - 脚本启动
2025-10-12 20:59:56 - 所有必要工具已安装
2025-10-12 21:00:00 - 测试 Gitee API 连通性...
2025-10-12 21:00:03 - API 连通性正常，当前用户: cd-00
2025-10-12 21:00:13 - 获取私有仓库列表操作
2025-10-12 21:00:13 - 开始获取所有私有仓库（分页处理）...
2025-10-12 21:00:13 - 获取第 1 页...
2025-10-12 21:00:17 - 第 1 页有 1 个仓库
2025-10-12 21:00:18 - 第 1 页没有私有仓库
2025-10-12 21:00:19 - 已获取所有页面，总共 1 页
2025-10-12 21:00:20 - 找到 5 个私有仓库
2025-10-12 21:00:40 - 开始将私有仓库转为公开
2025-10-12 21:00:40 - 开始将私有仓库转为公开...
2025-10-12 21:00:40 - 开始获取所有私有仓库（分页处理）...
2025-10-12 21:00:40 - 获取第 1 页...
2025-10-12 21:00:44 - 第 1 页有 1 个仓库
2025-10-12 21:00:46 - 第 1 页没有私有仓库
2025-10-12 21:00:46 - 已获取所有页面，总共 1 页
2025-10-12 21:00:47 - 找到 5 个私有仓库需要转为公开
2025-10-12 21:00:49 - 正在将仓库转为公开: 2025-10-12 21:00:40 - 开始获取所有私有仓库（分页处理）...
2025-10-12 21:00:50 - 操作失败: 2025-10-12 21:00:40 - 开始获取所有私有仓库（分页处理）... (HTTP: 000)
2025-10-12 21:00:52 - 正在将仓库转为公开: 2025-10-12 21:00:40 - 获取第 1 页...
2025-10-12 21:00:52 - 操作失败: 2025-10-12 21:00:40 - 获取第 1 页... (HTTP: 000)
2025-10-12 21:00:54 - 正在将仓库转为公开: 2025-10-12 21:00:44 - 第 1 页有 1 个仓库
2025-10-12 21:00:54 - 操作失败: 2025-10-12 21:00:44 - 第 1 页有 1 个仓库 (HTTP: 000)
2025-10-12 21:00:55 - 正在将仓库转为公开: 2025-10-12 21:00:46 - 第 1 页没有私有仓库
2025-10-12 21:00:56 - 操作失败: 2025-10-12 21:00:46 - 第 1 页没有私有仓库 (HTTP: 000)
2025-10-12 21:00:57 - 正在将仓库转为公开: 2025-10-12 21:00:46 - 已获取所有页面，总共 1 页
2025-10-12 21:00:58 - 操作失败: 2025-10-12 21:00:46 - 已获取所有页面，总共 1 页 (HTTP: 000)
2025-10-12 21:00:59 - 转换完成: 成功 0 个, 失败 5 个
2025-10-12 21:01:03 - 用户选择退出脚本
2025-10-12 21:01:03 - 清理临时目录: ./gitee_temp
2025-10-12 21:01:03 - 脚本执行完成
